-------------------------------------------------------------------------------
Test set: com.springtest.springtest.SpringtestApplicationTests
-------------------------------------------------------------------------------
Tests run: 1, Failures: 0, Errors: 1, Skipped: 0, Time elapsed: 2.646 s <<< FAILURE! - in com.springtest.springtest.SpringtestApplicationTests
contextLoads  Time elapsed: 0.012 s  <<< ERROR!
java.lang.IllegalStateException: Failed to load ApplicationContext for [WebMergedContextConfiguration@480cbe2e testClass = com.springtest.springtest.SpringtestApplicationTests, locations = [], classes = [com.springtest.springtest.SpringtestApplication], contextInitializerClasses = [], activeProfiles = [], propertySourceLocations = [], propertySourceProperties = ["org.springframework.boot.test.context.SpringBootTestContextBootstrapper=true"], contextCustomizers = [org.springframework.boot.test.context.filter.ExcludeFilterContextCustomizer@7674b62c, org.springframework.boot.test.json.DuplicateJsonObjectContextCustomizerFactory$DuplicateJsonObjectContextCustomizer@327af41b, org.springframework.boot.test.mock.mockito.MockitoContextCustomizer@0, org.springframework.boot.test.web.client.TestRestTemplateContextCustomizer@5026735c, org.springframework.boot.test.autoconfigure.actuate.observability.ObservabilityContextCustomizerFactory$DisableObservabilityContextCustomizer@9da1, org.springframework.boot.test.autoconfigure.properties.PropertyMappingContextCustomizer@0, org.springframework.boot.test.autoconfigure.web.servlet.WebDriverContextCustomizerFactory$Customizer@7aaca91a, org.springframework.boot.test.context.SpringBootTestAnnotation@430fb83b], resourceBasePath = "src/main/webapp", contextLoader = org.springframework.boot.test.context.SpringBootContextLoader, parent = null]
Caused by: org.springframework.beans.factory.UnsatisfiedDependencyException: Error creating bean with name 'mycontroller': Unsatisfied dependency expressed through field 'serverRepository': Error creating bean with name 'serverRepository' defined in com.springtest.springtest.repo.ServerRepository defined in @EnableMongoRepositories declared on MongoRepositoriesRegistrar.EnableMongoRepositoriesConfiguration: Could not create query for public abstract java.util.List com.springtest.springtest.repo.ServerRepository.getServer(); Reason: No property 'getServer' found for type 'Servers'
Caused by: org.springframework.beans.factory.BeanCreationException: Error creating bean with name 'serverRepository' defined in com.springtest.springtest.repo.ServerRepository defined in @EnableMongoRepositories declared on MongoRepositoriesRegistrar.EnableMongoRepositoriesConfiguration: Could not create query for public abstract java.util.List com.springtest.springtest.repo.ServerRepository.getServer(); Reason: No property 'getServer' found for type 'Servers'
Caused by: org.springframework.data.repository.query.QueryCreationException: Could not create query for public abstract java.util.List com.springtest.springtest.repo.ServerRepository.getServer(); Reason: No property 'getServer' found for type 'Servers'
Caused by: org.springframework.data.mapping.PropertyReferenceException: No property 'getServer' found for type 'Servers'

